<?xml version="1.0" encoding="UTF-8"?>
<testng-results ignored="0" total="1" passed="1" failed="0" skipped="0">
  <reporter-output>
  </reporter-output>
  <suite started-at="2023-08-02T11:06:50 IST" name="Test Suite" finished-at="2023-08-02T11:07:07 IST" duration-ms="16809">
    <groups>
    </groups>
    <test started-at="2023-08-02T11:06:50 IST" name="Form Data Test" finished-at="2023-08-02T11:07:07 IST" duration-ms="16809">
      <class name="test.UIAutomationDemo.demo1.FormFill">
        <test-method signature="testFormFill()[pri:0, instance:test.UIAutomationDemo.demo1.FormFill@32ee6fee]" started-at="2023-08-02T11:06:50 IST" name="testFormFill" finished-at="2023-08-02T11:07:07 IST" duration-ms="16753" status="PASS">
          <reporter-output>
          </reporter-output>
        </test-method> <!-- testFormFill -->
      </class> <!-- test.UIAutomationDemo.demo1.FormFill -->
    </test> <!-- Form Data Test -->
  </suite> <!-- Test Suite -->
</testng-results>
